<?xml version="1.0" encoding="UTF-8"?>
<!-- Generated by org.testng.reporters.JUnitXMLReporter -->
<testsuite hostname="DESKTOP-LIN7R2S" ignored="13" name="Smoke" tests="19" failures="0" timestamp="2022-01-24T13:40:41 IST" time="0.145" errors="0">
  <testcase name="APILogin" time="0.005" classname="com.testng.login"/>
  <testcase name="MobileLogin" time="0.002" classname="com.testng.login"/>
  <testcase name="WebLogin" time="0.001" classname="com.testng.login"/>
  <testcase name="APIHome" time="0.001" classname="com.testng.home"/>
  <testcase name="MobileHome" time="0.001" classname="com.testng.home"/>
  <testcase name="WebHome" time="0.002" classname="com.testng.home"/>
  <testcase name="APILogin" time="0.001" classname="com.testng.login"/>
  <testcase name="MobileLogin" time="0.001" classname="com.testng.login"/>
  <testcase name="WebLogin" time="0.001" classname="com.testng.login"/>
  <testcase name="APILogin" time="0.001" classname="com.testng.login"/>
  <testcase name="APIHome" time="0.001" classname="com.testng.home"/>
  <testcase name="MobileLogin" time="0.001" classname="com.testng.login"/>
  <testcase name="MobileHome" time="0.001" classname="com.testng.home"/>
  <testcase name="WebLogin" time="0.001" classname="com.testng.login"/>
  <testcase name="WebHome" time="0.0" classname="com.testng.home"/>
  <testcase name="APILogout" time="0.001" classname="com.testng.logout"/>
  <testcase name="MobileLogout" time="0.001" classname="com.testng.logout"/>
  <testcase name="WebLogout" time="0.001" classname="com.testng.logout"/>
  <testcase name="Demo" time="0.046" classname="com.testng.testngBasics"/>
  <testcase name="@BeforeTest MobilePrerequisite" time="0.0" classname="com.testng.login">
    <ignored/>
  </testcase> <!-- @BeforeTest MobilePrerequisite -->
  <testcase name="@BeforeTest MobilePrerequisite" time="0.0" classname="com.testng.login">
    <ignored/>
  </testcase> <!-- @BeforeTest MobilePrerequisite -->
  <testcase name="Bye" time="0.0" classname="com.testng.testngBasics">
    <ignored/>
  </testcase> <!-- Bye -->
  <testcase name="@AfterTest Cleanup" time="0.0" classname="com.testng.logout">
    <ignored/>
  </testcase> <!-- @AfterTest Cleanup -->
  <testcase name="@BeforeTest APIPrerequisite" time="0.0" classname="com.testng.login">
    <ignored/>
  </testcase> <!-- @BeforeTest APIPrerequisite -->
  <testcase name="@BeforeTest APIPrerequisite" time="0.0" classname="com.testng.login">
    <ignored/>
  </testcase> <!-- @BeforeTest APIPrerequisite -->
  <testcase name="@AfterSuite CloseDriver" time="0.0" classname="com.testng.login">
    <ignored/>
  </testcase> <!-- @AfterSuite CloseDriver -->
  <testcase name="@AfterSuite CloseDriver" time="0.0" classname="com.testng.login">
    <ignored/>
  </testcase> <!-- @AfterSuite CloseDriver -->
  <testcase name="@AfterTest Cleanup" time="0.0" classname="com.testng.login">
    <ignored/>
  </testcase> <!-- @AfterTest Cleanup -->
  <testcase name="@BeforeTest WebPrerequisite" time="0.0" classname="com.testng.login">
    <ignored/>
  </testcase> <!-- @BeforeTest WebPrerequisite -->
  <testcase name="@BeforeTest WebPrerequisite" time="0.0" classname="com.testng.login">
    <ignored/>
  </testcase> <!-- @BeforeTest WebPrerequisite -->
  <testcase name="@BeforeSuite InitialSetup" time="0.0" classname="com.testng.login">
    <ignored/>
  </testcase> <!-- @BeforeSuite InitialSetup -->
  <testcase name="@BeforeSuite InitialSetup" time="0.0" classname="com.testng.login">
    <ignored/>
  </testcase> <!-- @BeforeSuite InitialSetup -->
</testsuite> <!-- Smoke -->
