<?xml version="1.0" encoding="UTF-8"?>
<!-- Generated by org.testng.reporters.JUnitXMLReporter -->
<testsuite hostname="DESKTOP-LIN7R2S" ignored="0" name="Test" tests="5" failures="0" timestamp="2022-01-24T10:30:04 IST" time="0.089" errors="0">
  <testcase name="Bye" time="0.01" classname="com.testng.testngBasics"/>
  <testcase name="Demo" time="0.001" classname="com.testng.testngBasics"/>
  <testcase name="APILogin" time="0.002" classname="com.testng.day2"/>
  <testcase name="MobileLogin" time="0.002" classname="com.testng.day2"/>
  <testcase name="WebLogin" time="0.003" classname="com.testng.day2"/>
</testsuite> <!-- Test -->
