<?xml version="1.0" encoding="UTF-8"?>
<testng-results skipped="0" failed="0" ignored="1" total="5" passed="4">
  <reporter-output>
  </reporter-output>
  <suite name="Suite" duration-ms="124" started-at="2022-01-24T13:54:58 IST" finished-at="2022-01-24T13:54:58 IST">
    <groups>
      <group name="Smoke">
        <method signature="testngBasics.Demo()[pri:0, instance:com.testng.testngBasics@5a8806ef]" name="Demo" class="com.testng.testngBasics"/>
      </group> <!-- Smoke -->
    </groups>
    <test name="day1" duration-ms="61" started-at="2022-01-24T13:54:58 IST" finished-at="2022-01-24T13:54:58 IST">
      <class name="com.testng.testngBasics">
        <test-method status="PASS" signature="Demo()[pri:0, instance:com.testng.testngBasics@5a8806ef]" name="Demo" duration-ms="16" started-at="2022-01-24T13:54:58 IST" finished-at="2022-01-24T13:54:58 IST">
          <reporter-output>
          </reporter-output>
        </test-method> <!-- Demo -->
      </class> <!-- com.testng.testngBasics -->
    </test> <!-- day1 -->
    <test name="day2" duration-ms="25" started-at="2022-01-24T13:54:58 IST" finished-at="2022-01-24T13:54:58 IST">
      <class name="com.testng.dataProvider">
        <test-method status="PASS" signature="test(java.lang.String,java.lang.String)[pri:0, instance:com.testng.dataProvider@86be70a]" name="test" duration-ms="3" started-at="2022-01-24T13:54:58 IST" data-provider="getCredentials" finished-at="2022-01-24T13:54:58 IST">
          <params>
            <param index="0">
              <value>
                <![CDATA[firstusername]]>
              </value>
            </param>
            <param index="1">
              <value>
                <![CDATA[firstpassword]]>
              </value>
            </param>
          </params>
          <reporter-output>
          </reporter-output>
        </test-method> <!-- test -->
        <test-method status="PASS" signature="test(java.lang.String,java.lang.String)[pri:0, instance:com.testng.dataProvider@86be70a]" name="test" duration-ms="3" started-at="2022-01-24T13:54:58 IST" data-provider="getCredentials" finished-at="2022-01-24T13:54:58 IST">
          <params>
            <param index="0">
              <value>
                <![CDATA[secondusername]]>
              </value>
            </param>
            <param index="1">
              <value>
                <![CDATA[secondtpassword]]>
              </value>
            </param>
          </params>
          <reporter-output>
          </reporter-output>
        </test-method> <!-- test -->
        <test-method status="PASS" signature="test(java.lang.String,java.lang.String)[pri:0, instance:com.testng.dataProvider@86be70a]" name="test" duration-ms="2" started-at="2022-01-24T13:54:58 IST" data-provider="getCredentials" finished-at="2022-01-24T13:54:58 IST">
          <params>
            <param index="0">
              <value>
                <![CDATA[thirdusername]]>
              </value>
            </param>
            <param index="1">
              <value>
                <![CDATA[thirdpassword]]>
              </value>
            </param>
          </params>
          <reporter-output>
          </reporter-output>
        </test-method> <!-- test -->
      </class> <!-- com.testng.dataProvider -->
    </test> <!-- day2 -->
  </suite> <!-- Suite -->
</testng-results>
