<?xml version="1.0" encoding="UTF-8"?>
<testng-results skipped="0" failed="1" ignored="13" total="35" passed="21">
  <reporter-output>
  </reporter-output>
  <suite name="TestSuite" duration-ms="166" started-at="2022-01-24T14:31:54 IST" finished-at="2022-01-24T14:31:54 IST">
    <groups>
      <group name="Smoke">
        <method signature="login.WebLogin(java.lang.String)[pri:0, instance:com.testng.home@2173f6d9]" name="WebLogin" class="com.testng.login"/>
        <method signature="home.WebHome()[pri:0, instance:com.testng.home@2173f6d9]" name="WebHome" class="com.testng.home"/>
        <method signature="login.WebLogin(java.lang.String)[pri:0, instance:com.testng.login@7a187f14]" name="WebLogin" class="com.testng.login"/>
        <method signature="login.WebLogin(java.lang.String)[pri:0, instance:com.testng.logout@6f195bc3]" name="WebLogin" class="com.testng.login"/>
        <method signature="home.WebHome()[pri:0, instance:com.testng.logout@6f195bc3]" name="WebHome" class="com.testng.home"/>
        <method signature="logout.WebLogout()[pri:0, instance:com.testng.logout@6f195bc3]" name="WebLogout" class="com.testng.logout"/>
        <method signature="testngBasics.Demo()[pri:0, instance:com.testng.testngBasics@51e2adc7]" name="Demo" class="com.testng.testngBasics"/>
      </group> <!-- Smoke -->
    </groups>
    <test name="Smoke" duration-ms="166" started-at="2022-01-24T14:31:54 IST" finished-at="2022-01-24T14:31:54 IST">
      <class name="com.testng.home">
        <test-method status="PASS" signature="InitialSetup()[pri:0, instance:com.testng.home@2173f6d9]" name="InitialSetup" is-config="true" duration-ms="9" started-at="2022-01-24T14:31:54 IST" finished-at="2022-01-24T14:31:54 IST">
          <reporter-output>
          </reporter-output>
        </test-method> <!-- InitialSetup -->
        <test-method status="PASS" signature="APIPrerequisite()[pri:0, instance:com.testng.home@2173f6d9]" name="APIPrerequisite" is-config="true" duration-ms="1" started-at="2022-01-24T14:31:54 IST" finished-at="2022-01-24T14:31:54 IST">
          <reporter-output>
          </reporter-output>
        </test-method> <!-- APIPrerequisite -->
        <test-method status="PASS" signature="MobilePrerequisite()[pri:0, instance:com.testng.home@2173f6d9]" name="MobilePrerequisite" is-config="true" duration-ms="0" started-at="2022-01-24T14:31:54 IST" finished-at="2022-01-24T14:31:54 IST">
          <reporter-output>
          </reporter-output>
        </test-method> <!-- MobilePrerequisite -->
        <test-method status="PASS" signature="WebPrerequisite()[pri:0, instance:com.testng.home@2173f6d9]" name="WebPrerequisite" is-config="true" duration-ms="0" started-at="2022-01-24T14:31:54 IST" finished-at="2022-01-24T14:31:54 IST">
          <reporter-output>
          </reporter-output>
        </test-method> <!-- WebPrerequisite -->
        <test-method status="PASS" signature="WebLogin(java.lang.String)[pri:0, instance:com.testng.home@2173f6d9]" name="WebLogin" duration-ms="21" started-at="2022-01-24T14:31:54 IST" finished-at="2022-01-24T14:31:54 IST">
          <params>
            <param index="0">
              <value>
                <![CDATA[https://www.yahoo.com]]>
              </value>
            </param>
          </params>
          <reporter-output>
          </reporter-output>
        </test-method> <!-- WebLogin -->
        <test-method status="PASS" signature="APILogin(java.lang.String)[pri:0, instance:com.testng.home@2173f6d9]" name="APILogin" duration-ms="21" started-at="2022-01-24T14:31:54 IST" finished-at="2022-01-24T14:31:54 IST">
          <params>
            <param index="0">
              <value>
                <![CDATA[https://api.yahoo.com]]>
              </value>
            </param>
          </params>
          <reporter-output>
          </reporter-output>
        </test-method> <!-- APILogin -->
        <test-method status="PASS" signature="MobileLogin(java.lang.String)[pri:0, instance:com.testng.home@2173f6d9]" name="MobileLogin" duration-ms="22" started-at="2022-01-24T14:31:54 IST" finished-at="2022-01-24T14:31:54 IST">
          <params>
            <param index="0">
              <value>
                <![CDATA[https://m.yahoo.com]]>
              </value>
            </param>
          </params>
          <reporter-output>
          </reporter-output>
        </test-method> <!-- MobileLogin -->
        <test-method status="PASS" signature="APIHome()[pri:0, instance:com.testng.home@2173f6d9]" name="APIHome" duration-ms="65" started-at="2022-01-24T14:31:54 IST" depends-on-methods="com.testng.login.APILogin" finished-at="2022-01-24T14:31:54 IST">
          <reporter-output>
          </reporter-output>
        </test-method> <!-- APIHome -->
        <test-method status="PASS" signature="WebHome()[pri:0, instance:com.testng.home@2173f6d9]" name="WebHome" duration-ms="47" started-at="2022-01-24T14:31:54 IST" depends-on-methods="com.testng.login.WebLogin" finished-at="2022-01-24T14:31:54 IST">
          <reporter-output>
          </reporter-output>
        </test-method> <!-- WebHome -->
        <test-method status="PASS" signature="MobileHome()[pri:0, instance:com.testng.home@2173f6d9]" name="MobileHome" duration-ms="1" started-at="2022-01-24T14:31:54 IST" depends-on-methods="com.testng.login.MobileLogin" finished-at="2022-01-24T14:31:54 IST">
          <reporter-output>
          </reporter-output>
        </test-method> <!-- MobileHome -->
        <test-method status="PASS" signature="Cleanup()[pri:0, instance:com.testng.home@2173f6d9]" name="Cleanup" is-config="true" duration-ms="1" started-at="2022-01-24T14:31:54 IST" finished-at="2022-01-24T14:31:54 IST">
          <reporter-output>
          </reporter-output>
        </test-method> <!-- Cleanup -->
        <test-method status="PASS" signature="CloseDriver()[pri:0, instance:com.testng.home@2173f6d9]" name="CloseDriver" is-config="true" duration-ms="1" started-at="2022-01-24T14:31:54 IST" finished-at="2022-01-24T14:31:54 IST">
          <reporter-output>
          </reporter-output>
        </test-method> <!-- CloseDriver -->
      </class> <!-- com.testng.home -->
      <class name="com.testng.login">
        <test-method status="PASS" signature="WebLogin(java.lang.String)[pri:0, instance:com.testng.login@7a187f14]" name="WebLogin" duration-ms="11" started-at="2022-01-24T14:31:54 IST" finished-at="2022-01-24T14:31:54 IST">
          <params>
            <param index="0">
              <value>
                <![CDATA[https://www.yahoo.com]]>
              </value>
            </param>
          </params>
          <reporter-output>
          </reporter-output>
        </test-method> <!-- WebLogin -->
        <test-method status="PASS" signature="MobileLogin(java.lang.String)[pri:0, instance:com.testng.login@7a187f14]" name="MobileLogin" duration-ms="9" started-at="2022-01-24T14:31:54 IST" finished-at="2022-01-24T14:31:54 IST">
          <params>
            <param index="0">
              <value>
                <![CDATA[https://m.yahoo.com]]>
              </value>
            </param>
          </params>
          <reporter-output>
          </reporter-output>
        </test-method> <!-- MobileLogin -->
        <test-method status="PASS" signature="APILogin(java.lang.String)[pri:0, instance:com.testng.login@7a187f14]" name="APILogin" duration-ms="12" started-at="2022-01-24T14:31:54 IST" finished-at="2022-01-24T14:31:54 IST">
          <params>
            <param index="0">
              <value>
                <![CDATA[https://api.yahoo.com]]>
              </value>
            </param>
          </params>
          <reporter-output>
          </reporter-output>
        </test-method> <!-- APILogin -->
      </class> <!-- com.testng.login -->
      <class name="com.testng.logout">
        <test-method status="PASS" signature="WebLogin(java.lang.String)[pri:0, instance:com.testng.logout@6f195bc3]" name="WebLogin" duration-ms="17" started-at="2022-01-24T14:31:54 IST" finished-at="2022-01-24T14:31:54 IST">
          <params>
            <param index="0">
              <value>
                <![CDATA[https://www.yahoo.com]]>
              </value>
            </param>
          </params>
          <reporter-output>
          </reporter-output>
        </test-method> <!-- WebLogin -->
        <test-method status="PASS" signature="MobileLogin(java.lang.String)[pri:0, instance:com.testng.logout@6f195bc3]" name="MobileLogin" duration-ms="19" started-at="2022-01-24T14:31:54 IST" finished-at="2022-01-24T14:31:54 IST">
          <params>
            <param index="0">
              <value>
                <![CDATA[https://m.yahoo.com]]>
              </value>
            </param>
          </params>
          <reporter-output>
          </reporter-output>
        </test-method> <!-- MobileLogin -->
        <test-method status="PASS" signature="APILogin(java.lang.String)[pri:0, instance:com.testng.logout@6f195bc3]" name="APILogin" duration-ms="15" started-at="2022-01-24T14:31:54 IST" finished-at="2022-01-24T14:31:54 IST">
          <params>
            <param index="0">
              <value>
                <![CDATA[https://api.yahoo.com]]>
              </value>
            </param>
          </params>
          <reporter-output>
          </reporter-output>
        </test-method> <!-- APILogin -->
        <test-method status="PASS" signature="APIHome()[pri:0, instance:com.testng.logout@6f195bc3]" name="APIHome" duration-ms="5" started-at="2022-01-24T14:31:54 IST" depends-on-methods="com.testng.login.APILogin" finished-at="2022-01-24T14:31:54 IST">
          <reporter-output>
          </reporter-output>
        </test-method> <!-- APIHome -->
        <test-method status="PASS" signature="WebHome()[pri:0, instance:com.testng.logout@6f195bc3]" name="WebHome" duration-ms="24" started-at="2022-01-24T14:31:54 IST" depends-on-methods="com.testng.login.WebLogin" finished-at="2022-01-24T14:31:54 IST">
          <reporter-output>
          </reporter-output>
        </test-method> <!-- WebHome -->
        <test-method status="PASS" signature="WebLogout()[pri:0, instance:com.testng.logout@6f195bc3]" name="WebLogout" duration-ms="1" started-at="2022-01-24T14:31:54 IST" depends-on-methods="com.testng.home.WebHome" finished-at="2022-01-24T14:31:54 IST">
          <reporter-output>
          </reporter-output>
        </test-method> <!-- WebLogout -->
        <test-method status="PASS" signature="APILogout()[pri:0, instance:com.testng.logout@6f195bc3]" name="APILogout" duration-ms="5" started-at="2022-01-24T14:31:54 IST" depends-on-methods="com.testng.home.APIHome" finished-at="2022-01-24T14:31:54 IST">
          <reporter-output>
          </reporter-output>
        </test-method> <!-- APILogout -->
        <test-method status="PASS" signature="MobileHome()[pri:0, instance:com.testng.logout@6f195bc3]" name="MobileHome" duration-ms="2" started-at="2022-01-24T14:31:54 IST" depends-on-methods="com.testng.login.MobileLogin" finished-at="2022-01-24T14:31:54 IST">
          <reporter-output>
          </reporter-output>
        </test-method> <!-- MobileHome -->
        <test-method status="PASS" signature="MobileLogout()[pri:0, instance:com.testng.logout@6f195bc3]" name="MobileLogout" duration-ms="4" started-at="2022-01-24T14:31:54 IST" depends-on-methods="com.testng.home.MobileHome" finished-at="2022-01-24T14:31:54 IST">
          <reporter-output>
          </reporter-output>
        </test-method> <!-- MobileLogout -->
      </class> <!-- com.testng.logout -->
      <class name="com.testng.testngBasics">
        <test-method status="FAIL" signature="Demo()[pri:0, instance:com.testng.testngBasics@51e2adc7]" name="Demo" duration-ms="62" started-at="2022-01-24T14:31:54 IST" finished-at="2022-01-24T14:31:54 IST">
          <exception class="java.lang.AssertionError">
            <message>
              <![CDATA[expected [true] but found [false]]]>
            </message>
            <full-stacktrace>
              <![CDATA[java.lang.AssertionError: expected [true] but found [false]
at org.testng.Assert.fail(Assert.java:99)
at org.testng.Assert.failNotEquals(Assert.java:1037)
at org.testng.Assert.assertEqualsImpl(Assert.java:140)
at org.testng.Assert.assertEquals(Assert.java:122)
at org.testng.Assert.assertEquals(Assert.java:819)
at org.testng.Assert.assertEquals(Assert.java:829)
at com.testng.testngBasics.Demo(testngBasics.java:12)
at sun.reflect.NativeMethodAccessorImpl.invoke0(Native Method)
at sun.reflect.NativeMethodAccessorImpl.invoke(NativeMethodAccessorImpl.java:62)
at sun.reflect.DelegatingMethodAccessorImpl.invoke(DelegatingMethodAccessorImpl.java:43)
at java.lang.reflect.Method.invoke(Method.java:498)
at org.testng.internal.MethodInvocationHelper.invokeMethod(MethodInvocationHelper.java:133)
at org.testng.internal.InvokeMethodRunnable.runOne(InvokeMethodRunnable.java:45)
at org.testng.internal.InvokeMethodRunnable.call(InvokeMethodRunnable.java:73)
at org.testng.internal.InvokeMethodRunnable.run(InvokeMethodRunnable.java:33)
at org.testng.internal.MethodInvocationHelper.invokeWithTimeoutWithNoExecutor(MethodInvocationHelper.java:322)
at org.testng.internal.MethodInvocationHelper.invokeWithTimeout(MethodInvocationHelper.java:281)
at org.testng.internal.TestInvoker.invokeMethod(TestInvoker.java:604)
at org.testng.internal.TestInvoker.invokeTestMethod(TestInvoker.java:173)
at org.testng.internal.MethodRunner.runInSequence(MethodRunner.java:46)
at org.testng.internal.TestInvoker$MethodInvocationAgent.invoke(TestInvoker.java:824)
at org.testng.internal.TestInvoker.invokeTestMethods(TestInvoker.java:146)
at org.testng.internal.TestMethodWorker.invokeTestMethods(TestMethodWorker.java:146)
at org.testng.internal.TestMethodWorker.run(TestMethodWorker.java:128)
at java.util.concurrent.ThreadPoolExecutor.runWorker(ThreadPoolExecutor.java:1149)
at java.util.concurrent.ThreadPoolExecutor$Worker.run(ThreadPoolExecutor.java:624)
at java.lang.Thread.run(Thread.java:748)
]]>
            </full-stacktrace>
          </exception> <!-- java.lang.AssertionError -->
          <reporter-output>
          </reporter-output>
        </test-method> <!-- Demo -->
      </class> <!-- com.testng.testngBasics -->
      <class name="com.testng.dataProvider">
        <test-method status="PASS" signature="test(java.lang.String,java.lang.String)[pri:0, instance:com.testng.dataProvider@167fdd33]" name="test" duration-ms="19" started-at="2022-01-24T14:31:54 IST" data-provider="getCredentials" finished-at="2022-01-24T14:31:54 IST">
          <params>
            <param index="0">
              <value>
                <![CDATA[firstusername]]>
              </value>
            </param>
            <param index="1">
              <value>
                <![CDATA[firstpassword]]>
              </value>
            </param>
          </params>
          <reporter-output>
          </reporter-output>
        </test-method> <!-- test -->
        <test-method status="PASS" signature="test(java.lang.String,java.lang.String)[pri:0, instance:com.testng.dataProvider@167fdd33]" name="test" duration-ms="1" started-at="2022-01-24T14:31:54 IST" data-provider="getCredentials" finished-at="2022-01-24T14:31:54 IST">
          <params>
            <param index="0">
              <value>
                <![CDATA[secondusername]]>
              </value>
            </param>
            <param index="1">
              <value>
                <![CDATA[secondtpassword]]>
              </value>
            </param>
          </params>
          <reporter-output>
          </reporter-output>
        </test-method> <!-- test -->
        <test-method status="PASS" signature="test(java.lang.String,java.lang.String)[pri:0, instance:com.testng.dataProvider@167fdd33]" name="test" duration-ms="1" started-at="2022-01-24T14:31:54 IST" data-provider="getCredentials" finished-at="2022-01-24T14:31:54 IST">
          <params>
            <param index="0">
              <value>
                <![CDATA[thirdusername]]>
              </value>
            </param>
            <param index="1">
              <value>
                <![CDATA[thirdpassword]]>
              </value>
            </param>
          </params>
          <reporter-output>
          </reporter-output>
        </test-method> <!-- test -->
      </class> <!-- com.testng.dataProvider -->
    </test> <!-- Smoke -->
  </suite> <!-- TestSuite -->
</testng-results>
