<?xml version="1.0" encoding="UTF-8"?>
<!-- Generated by org.testng.reporters.JUnitXMLReporter -->
<testsuite hostname="DESKTOP-LIN7R2S" ignored="13" name="Smoke" tests="22" failures="1" timestamp="2022-01-24T14:31:54 IST" time="0.166" errors="0">
  <testcase name="MobileLogin" time="0.009" classname="com.testng.login"/>
  <testcase name="WebLogin" time="0.011" classname="com.testng.login"/>
  <testcase name="APILogin" time="0.012" classname="com.testng.login"/>
  <testcase name="APILogin" time="0.015" classname="com.testng.login"/>
  <testcase name="WebLogin" time="0.017" classname="com.testng.login"/>
  <testcase name="test" time="0.019" classname="com.testng.dataProvider"/>
  <testcase name="MobileLogin" time="0.019" classname="com.testng.login"/>
  <testcase name="WebLogin" time="0.021" classname="com.testng.login"/>
  <testcase name="APILogin" time="0.021" classname="com.testng.login"/>
  <testcase name="MobileLogin" time="0.022" classname="com.testng.login"/>
  <testcase name="test" time="0.001" classname="com.testng.dataProvider"/>
  <testcase name="APIHome" time="0.005" classname="com.testng.home"/>
  <testcase name="test" time="0.001" classname="com.testng.dataProvider"/>
  <testcase name="WebHome" time="0.024" classname="com.testng.home"/>
  <testcase name="Demo" time="0.062" classname="com.testng.testngBasics">
    <failure type="java.lang.AssertionError" message="expected [true] but found [false]">
      <![CDATA[java.lang.AssertionError: expected [true] but found [false]
at com.testng.testngBasics.Demo(testngBasics.java:12)
at java.util.concurrent.ThreadPoolExecutor.runWorker(ThreadPoolExecutor.java:1149)
at java.util.concurrent.ThreadPoolExecutor$Worker.run(ThreadPoolExecutor.java:624)
at java.lang.Thread.run(Thread.java:748)
... Removed 23 stack frames]]>
    </failure>
  </testcase> <!-- Demo -->
  <testcase name="WebHome" time="0.047" classname="com.testng.home"/>
  <testcase name="WebLogout" time="0.001" classname="com.testng.logout"/>
  <testcase name="APIHome" time="0.065" classname="com.testng.home"/>
  <testcase name="MobileHome" time="0.001" classname="com.testng.home"/>
  <testcase name="MobileHome" time="0.002" classname="com.testng.home"/>
  <testcase name="APILogout" time="0.005" classname="com.testng.logout"/>
  <testcase name="MobileLogout" time="0.004" classname="com.testng.logout"/>
  <testcase name="@BeforeTest MobilePrerequisite" time="0.0" classname="com.testng.login">
    <ignored/>
  </testcase> <!-- @BeforeTest MobilePrerequisite -->
  <testcase name="@BeforeTest MobilePrerequisite" time="0.0" classname="com.testng.login">
    <ignored/>
  </testcase> <!-- @BeforeTest MobilePrerequisite -->
  <testcase name="Bye" time="0.0" classname="com.testng.testngBasics">
    <ignored/>
  </testcase> <!-- Bye -->
  <testcase name="@AfterTest Cleanup" time="0.0" classname="com.testng.logout">
    <ignored/>
  </testcase> <!-- @AfterTest Cleanup -->
  <testcase name="@BeforeTest APIPrerequisite" time="0.0" classname="com.testng.login">
    <ignored/>
  </testcase> <!-- @BeforeTest APIPrerequisite -->
  <testcase name="@BeforeTest APIPrerequisite" time="0.0" classname="com.testng.login">
    <ignored/>
  </testcase> <!-- @BeforeTest APIPrerequisite -->
  <testcase name="@AfterSuite CloseDriver" time="0.0" classname="com.testng.login">
    <ignored/>
  </testcase> <!-- @AfterSuite CloseDriver -->
  <testcase name="@AfterSuite CloseDriver" time="0.0" classname="com.testng.login">
    <ignored/>
  </testcase> <!-- @AfterSuite CloseDriver -->
  <testcase name="@AfterTest Cleanup" time="0.0" classname="com.testng.login">
    <ignored/>
  </testcase> <!-- @AfterTest Cleanup -->
  <testcase name="@BeforeTest WebPrerequisite" time="0.0" classname="com.testng.login">
    <ignored/>
  </testcase> <!-- @BeforeTest WebPrerequisite -->
  <testcase name="@BeforeTest WebPrerequisite" time="0.0" classname="com.testng.login">
    <ignored/>
  </testcase> <!-- @BeforeTest WebPrerequisite -->
  <testcase name="@BeforeSuite InitialSetup" time="0.0" classname="com.testng.login">
    <ignored/>
  </testcase> <!-- @BeforeSuite InitialSetup -->
  <testcase name="@BeforeSuite InitialSetup" time="0.0" classname="com.testng.login">
    <ignored/>
  </testcase> <!-- @BeforeSuite InitialSetup -->
</testsuite> <!-- Smoke -->
